2013-08-28 14:26:58 Error: [NotFoundException] Not Found
#0 /var/www/html/lib/lib/Cake/View/View.php(923): include()
#1 /var/www/html/lib/lib/Cake/View/View.php(886): View->_evaluate('/var/www/html/l...', Array)
#2 /var/www/html/lib/lib/Cake/View/View.php(476): View->_render('/var/www/html/l...')
#3 /var/www/html/lib/lib/Cake/Controller/Controller.php(956): View->render('home', NULL)
#4 /var/www/html/lib/app/Controller/PagesController.php(73): Controller->render('home')
#5 [internal function]: PagesController->display('home')
#6 /var/www/html/lib/lib/Cake/Controller/Controller.php(485): ReflectionMethod->invokeArgs(Object(PagesController), Array)
#7 /var/www/html/lib/lib/Cake/Routing/Dispatcher.php(186): Controller->invokeAction(Object(CakeRequest))
#8 /var/www/html/lib/lib/Cake/Routing/Dispatcher.php(161): Dispatcher->_invoke(Object(PagesController), Object(CakeRequest), Object(CakeResponse))
#9 /var/www/html/lib/app/webroot/index.php(92): Dispatcher->dispatch(Object(CakeRequest), Object(CakeResponse))
#10 {main}
2013-08-28 15:21:01 Error: Fatal Error (4): syntax error, unexpected '(', expecting ',' or ';' in [/var/www/html/lib/app/Model/Login.php, line 35]
2013-08-28 15:21:01 Error: [InternalErrorException] Internal Server Error
#0 /var/www/html/lib/lib/Cake/Error/ErrorHandler.php(161): ErrorHandler::handleFatalError(4, 'syntax error, u...', '/var/www/html/l...', 35)
#1 [internal function]: ErrorHandler::handleError(4, 'syntax error, u...', '/var/www/html/l...', 35, Array)
#2 /var/www/html/lib/lib/Cake/Core/App.php(926): call_user_func('ErrorHandler::h...', 4, 'syntax error, u...', '/var/www/html/l...', 35, Array)
#3 /var/www/html/lib/lib/Cake/Core/App.php(899): App::_checkFatalError()
#4 [internal function]: App::shutdown()
#5 {main}
2013-08-28 15:35:52 Error: [InvalidArgumentException] The eventKey variable is required
#0 /var/www/html/lib/lib/Cake/Model/Model.php(769): CakeEventManager->attach(NULL)
#1 /var/www/html/lib/lib/Cake/Model/ModelValidator.php(469): Model->getEventManager()
#2 /var/www/html/lib/lib/Cake/Model/ModelValidator.php(250): ModelValidator->_triggerBeforeValidate(Array)
#3 /var/www/html/lib/lib/Cake/Model/ModelValidator.php(99): ModelValidator->errors(Array)
#4 /var/www/html/lib/lib/Cake/Model/Model.php(3021): ModelValidator->validates(Array)
#5 /var/www/html/lib/lib/Cake/Model/Model.php(1648): Model->validates(Array)
#6 /var/www/html/lib/app/Model/Login.php(39): Model->save(NULL)
#7 [internal function]: Login->login(Array)
#8 /var/www/html/lib/lib/Cake/Utility/ClassRegistry.php(156): ReflectionClass->newInstance(Array)
#9 /var/www/html/lib/lib/Cake/Controller/Controller.php(733): ClassRegistry::init(Array)
#10 /var/www/html/lib/lib/Cake/Controller/Controller.php(366): Controller->loadModel('Login')
#11 /var/www/html/lib/lib/Cake/Controller/Controller.php(404): Controller->__isset('Login')
#12 /var/www/html/lib/app/Controller/ManagementController.php(45): Controller->__get('Login')
#13 [internal function]: ManagementController->login()
#14 /var/www/html/lib/lib/Cake/Controller/Controller.php(485): ReflectionMethod->invokeArgs(Object(ManagementController), Array)
#15 /var/www/html/lib/lib/Cake/Routing/Dispatcher.php(186): Controller->invokeAction(Object(CakeRequest))
#16 /var/www/html/lib/lib/Cake/Routing/Dispatcher.php(161): Dispatcher->_invoke(Object(ManagementController), Object(CakeRequest), Object(CakeResponse))
#17 /var/www/html/lib/app/webroot/index.php(92): Dispatcher->dispatch(Object(CakeRequest), Object(CakeResponse))
#18 {main}
2013-08-28 15:39:50 Error: Fatal Error (1): Call to a member function save() on a non-object in [/var/www/html/lib/app/Model/Login.php, line 39]
2013-08-28 15:39:50 Error: [FatalErrorException] Call to a member function save() on a non-object
#0 /var/www/html/lib/lib/Cake/Error/ErrorHandler.php(161): ErrorHandler::handleFatalError(1, 'Call to a membe...', '/var/www/html/l...', 39)
#1 [internal function]: ErrorHandler::handleError(1, 'Call to a membe...', '/var/www/html/l...', 39, Array)
#2 /var/www/html/lib/lib/Cake/Core/App.php(926): call_user_func('ErrorHandler::h...', 1, 'Call to a membe...', '/var/www/html/l...', 39, Array)
#3 /var/www/html/lib/lib/Cake/Core/App.php(899): App::_checkFatalError()
#4 [internal function]: App::shutdown()
#5 {main}
2013-08-28 15:40:25 Error: Fatal Error (1): Call to a member function save() on a non-object in [/var/www/html/lib/app/Model/Login.php, line 41]
2013-08-28 15:40:25 Error: [FatalErrorException] Call to a member function save() on a non-object
#0 /var/www/html/lib/lib/Cake/Error/ErrorHandler.php(161): ErrorHandler::handleFatalError(1, 'Call to a membe...', '/var/www/html/l...', 41)
#1 [internal function]: ErrorHandler::handleError(1, 'Call to a membe...', '/var/www/html/l...', 41, Array)
#2 /var/www/html/lib/lib/Cake/Core/App.php(926): call_user_func('ErrorHandler::h...', 1, 'Call to a membe...', '/var/www/html/l...', 41, Array)
#3 /var/www/html/lib/lib/Cake/Core/App.php(899): App::_checkFatalError()
#4 [internal function]: App::shutdown()
#5 {main}
2013-08-28 15:40:44 Error: [InvalidArgumentException] The eventKey variable is required
#0 /var/www/html/lib/lib/Cake/Model/Model.php(769): CakeEventManager->attach(NULL)
#1 /var/www/html/lib/lib/Cake/Model/ModelValidator.php(469): Model->getEventManager()
#2 /var/www/html/lib/lib/Cake/Model/ModelValidator.php(250): ModelValidator->_triggerBeforeValidate(Array)
#3 /var/www/html/lib/lib/Cake/Model/ModelValidator.php(99): ModelValidator->errors(Array)
#4 /var/www/html/lib/lib/Cake/Model/Model.php(3021): ModelValidator->validates(Array)
#5 /var/www/html/lib/lib/Cake/Model/Model.php(1648): Model->validates(Array)
#6 /var/www/html/lib/app/Model/Login.php(41): Model->save(NULL)
#7 [internal function]: Login->login(Array)
#8 /var/www/html/lib/lib/Cake/Utility/ClassRegistry.php(156): ReflectionClass->newInstance(Array)
#9 /var/www/html/lib/lib/Cake/Controller/Controller.php(733): ClassRegistry::init(Array)
#10 /var/www/html/lib/lib/Cake/Controller/Controller.php(366): Controller->loadModel('Login')
#11 /var/www/html/lib/lib/Cake/Controller/Controller.php(404): Controller->__isset('Login')
#12 /var/www/html/lib/app/Controller/ManagementController.php(45): Controller->__get('Login')
#13 [internal function]: ManagementController->login()
#14 /var/www/html/lib/lib/Cake/Controller/Controller.php(485): ReflectionMethod->invokeArgs(Object(ManagementController), Array)
#15 /var/www/html/lib/lib/Cake/Routing/Dispatcher.php(186): Controller->invokeAction(Object(CakeRequest))
#16 /var/www/html/lib/lib/Cake/Routing/Dispatcher.php(161): Dispatcher->_invoke(Object(ManagementController), Object(CakeRequest), Object(CakeResponse))
#17 /var/www/html/lib/app/webroot/index.php(92): Dispatcher->dispatch(Object(CakeRequest), Object(CakeResponse))
#18 {main}
2013-08-28 15:49:59 Error: [InvalidArgumentException] The eventKey variable is required
#0 /var/www/html/lib/lib/Cake/Model/Model.php(769): CakeEventManager->attach(NULL)
#1 /var/www/html/lib/lib/Cake/Model/ModelValidator.php(469): Model->getEventManager()
#2 /var/www/html/lib/lib/Cake/Model/ModelValidator.php(250): ModelValidator->_triggerBeforeValidate(Array)
#3 /var/www/html/lib/lib/Cake/Model/ModelValidator.php(99): ModelValidator->errors(Array)
#4 /var/www/html/lib/lib/Cake/Model/Model.php(3021): ModelValidator->validates(Array)
#5 /var/www/html/lib/lib/Cake/Model/Model.php(1648): Model->validates(Array)
#6 /var/www/html/lib/app/Model/Login.php(41): Model->save(Array)
#7 [internal function]: Login->login(Array)
#8 /var/www/html/lib/lib/Cake/Utility/ClassRegistry.php(156): ReflectionClass->newInstance(Array)
#9 /var/www/html/lib/lib/Cake/Controller/Controller.php(733): ClassRegistry::init(Array)
#10 /var/www/html/lib/lib/Cake/Controller/Controller.php(366): Controller->loadModel('Login')
#11 /var/www/html/lib/lib/Cake/Controller/Controller.php(404): Controller->__isset('Login')
#12 /var/www/html/lib/app/Controller/ManagementController.php(45): Controller->__get('Login')
#13 [internal function]: ManagementController->login()
#14 /var/www/html/lib/lib/Cake/Controller/Controller.php(485): ReflectionMethod->invokeArgs(Object(ManagementController), Array)
#15 /var/www/html/lib/lib/Cake/Routing/Dispatcher.php(186): Controller->invokeAction(Object(CakeRequest))
#16 /var/www/html/lib/lib/Cake/Routing/Dispatcher.php(161): Dispatcher->_invoke(Object(ManagementController), Object(CakeRequest), Object(CakeResponse))
#17 /var/www/html/lib/app/webroot/index.php(92): Dispatcher->dispatch(Object(CakeRequest), Object(CakeResponse))
#18 {main}
2013-08-28 16:07:54 Error: Fatal Error (1): Class name must be a valid object or a string in [/var/www/html/lib/app/Model/Login.php, line 51]
2013-08-28 16:07:54 Error: [FatalErrorException] Class name must be a valid object or a string
#0 /var/www/html/lib/lib/Cake/Error/ErrorHandler.php(161): ErrorHandler::handleFatalError(1, 'Class name must...', '/var/www/html/l...', 51)
#1 [internal function]: ErrorHandler::handleError(1, 'Class name must...', '/var/www/html/l...', 51, Array)
#2 /var/www/html/lib/lib/Cake/Core/App.php(926): call_user_func('ErrorHandler::h...', 1, 'Class name must...', '/var/www/html/l...', 51, Array)
#3 /var/www/html/lib/lib/Cake/Core/App.php(899): App::_checkFatalError()
#4 [internal function]: App::shutdown()
#5 {main}
2013-08-28 16:24:54 Error: Fatal Error (1): Class name must be a valid object or a string in [/var/www/html/lib/app/Model/Login.php, line 51]
2013-08-28 16:24:54 Error: [FatalErrorException] Class name must be a valid object or a string
#0 /var/www/html/lib/lib/Cake/Error/ErrorHandler.php(161): ErrorHandler::handleFatalError(1, 'Class name must...', '/var/www/html/l...', 51)
#1 [internal function]: ErrorHandler::handleError(1, 'Class name must...', '/var/www/html/l...', 51, Array)
#2 /var/www/html/lib/lib/Cake/Core/App.php(926): call_user_func('ErrorHandler::h...', 1, 'Class name must...', '/var/www/html/l...', 51, Array)
#3 /var/www/html/lib/lib/Cake/Core/App.php(899): App::_checkFatalError()
#4 [internal function]: App::shutdown()
#5 {main}
2013-08-28 16:26:11 Error: Fatal Error (4): syntax error, unexpected '$query' (T_VARIABLE) in [/var/www/html/lib/app/Model/Login.php, line 53]
2013-08-28 16:26:11 Error: [FatalErrorException] syntax error, unexpected '$query' (T_VARIABLE)
#0 /var/www/html/lib/lib/Cake/Error/ErrorHandler.php(161): ErrorHandler::handleFatalError(4, 'syntax error, u...', '/var/www/html/l...', 53)
#1 [internal function]: ErrorHandler::handleError(4, 'syntax error, u...', '/var/www/html/l...', 53, Array)
#2 /var/www/html/lib/lib/Cake/Core/App.php(926): call_user_func('ErrorHandler::h...', 4, 'syntax error, u...', '/var/www/html/l...', 53, Array)
#3 /var/www/html/lib/lib/Cake/Core/App.php(899): App::_checkFatalError()
#4 [internal function]: App::shutdown()
#5 {main}
