2013-08-13 13:11:15 Error: [PDOException] SQLSTATE[42S22]: Column not found: 1054 Unknown column 'publication_date_start' in 'where clause'
#0 /var/www/html/lib/lib/Cake/Model/Datasource/DboSource.php(459): PDOStatement->execute(Array)
#1 /var/www/html/lib/lib/Cake/Model/Datasource/DboSource.php(425): DboSource->_execute('SELECT `BookMas...', Array)
#2 /var/www/html/lib/lib/Cake/Model/Datasource/DboSource.php(669): DboSource->execute('SELECT `BookMas...', Array, Array)
#3 /var/www/html/lib/lib/Cake/Model/Datasource/DboSource.php(1080): DboSource->fetchAll('SELECT `BookMas...', false)
#4 /var/www/html/lib/lib/Cake/Model/Model.php(2642): DboSource->read(Object(BookMaster), Array)
#5 /var/www/html/lib/lib/Cake/Controller/Component/PaginatorComponent.php(173): Model->find('all', Array)
#6 /var/www/html/lib/lib/Cake/Controller/Controller.php(1081): PaginatorComponent->paginate('BookMaster', Array, Array)
#7 /var/www/html/lib/app/Controller/LibraryController.php(47): Controller->paginate('BookMaster', Array)
#8 [internal function]: LibraryController->summary()
#9 /var/www/html/lib/lib/Cake/Controller/Controller.php(485): ReflectionMethod->invokeArgs(Object(LibraryController), Array)
#10 /var/www/html/lib/lib/Cake/Routing/Dispatcher.php(186): Controller->invokeAction(Object(CakeRequest))
#11 /var/www/html/lib/lib/Cake/Routing/Dispatcher.php(161): Dispatcher->_invoke(Object(LibraryController), Object(CakeRequest), Object(CakeResponse))
#12 /var/www/html/lib/app/webroot/index.php(92): Dispatcher->dispatch(Object(CakeRequest), Object(CakeResponse))
#13 {main}
2013-08-13 13:31:56 Error: [PDOException] SQLSTATE[42S22]: Column not found: 1054 Unknown column 'publication_date_start' in 'where clause'
#0 /var/www/html/lib/lib/Cake/Model/Datasource/DboSource.php(459): PDOStatement->execute(Array)
#1 /var/www/html/lib/lib/Cake/Model/Datasource/DboSource.php(425): DboSource->_execute('SELECT `BookMas...', Array)
#2 /var/www/html/lib/lib/Cake/Model/Datasource/DboSource.php(669): DboSource->execute('SELECT `BookMas...', Array, Array)
#3 /var/www/html/lib/lib/Cake/Model/Datasource/DboSource.php(1080): DboSource->fetchAll('SELECT `BookMas...', false)
#4 /var/www/html/lib/lib/Cake/Model/Model.php(2642): DboSource->read(Object(BookMaster), Array)
#5 /var/www/html/lib/lib/Cake/Controller/Component/PaginatorComponent.php(173): Model->find('all', Array)
#6 /var/www/html/lib/lib/Cake/Controller/Controller.php(1081): PaginatorComponent->paginate('BookMaster', Array, Array)
#7 /var/www/html/lib/app/Controller/LibraryController.php(47): Controller->paginate('BookMaster', Array)
#8 [internal function]: LibraryController->summary()
#9 /var/www/html/lib/lib/Cake/Controller/Controller.php(485): ReflectionMethod->invokeArgs(Object(LibraryController), Array)
#10 /var/www/html/lib/lib/Cake/Routing/Dispatcher.php(186): Controller->invokeAction(Object(CakeRequest))
#11 /var/www/html/lib/lib/Cake/Routing/Dispatcher.php(161): Dispatcher->_invoke(Object(LibraryController), Object(CakeRequest), Object(CakeResponse))
#12 /var/www/html/lib/app/webroot/index.php(92): Dispatcher->dispatch(Object(CakeRequest), Object(CakeResponse))
#13 {main}
2013-08-13 14:10:12 Error: Fatal Error (4): syntax error, unexpected ';' in [/var/www/html/lib/app/Controller/LibraryController.php, line 30]
2013-08-13 14:10:12 Error: [FatalErrorException] syntax error, unexpected ';'
#0 /var/www/html/lib/lib/Cake/Error/ErrorHandler.php(161): ErrorHandler::handleFatalError(4, 'syntax error, u...', '/var/www/html/l...', 30)
#1 [internal function]: ErrorHandler::handleError(4, 'syntax error, u...', '/var/www/html/l...', 30, Array)
#2 /var/www/html/lib/lib/Cake/Core/App.php(926): call_user_func('ErrorHandler::h...', 4, 'syntax error, u...', '/var/www/html/l...', 30, Array)
#3 /var/www/html/lib/lib/Cake/Core/App.php(899): App::_checkFatalError()
#4 [internal function]: App::shutdown()
#5 {main}
2013-08-13 14:10:14 Error: Fatal Error (4): syntax error, unexpected ';' in [/var/www/html/lib/app/Controller/LibraryController.php, line 30]
2013-08-13 14:10:14 Error: [FatalErrorException] syntax error, unexpected ';'
#0 /var/www/html/lib/lib/Cake/Error/ErrorHandler.php(161): ErrorHandler::handleFatalError(4, 'syntax error, u...', '/var/www/html/l...', 30)
#1 [internal function]: ErrorHandler::handleError(4, 'syntax error, u...', '/var/www/html/l...', 30, Array)
#2 /var/www/html/lib/lib/Cake/Core/App.php(926): call_user_func('ErrorHandler::h...', 4, 'syntax error, u...', '/var/www/html/l...', 30, Array)
#3 /var/www/html/lib/lib/Cake/Core/App.php(899): App::_checkFatalError()
#4 [internal function]: App::shutdown()
#5 {main}
2013-08-13 14:10:15 Error: Fatal Error (4): syntax error, unexpected ';' in [/var/www/html/lib/app/Controller/LibraryController.php, line 30]
2013-08-13 14:10:15 Error: [FatalErrorException] syntax error, unexpected ';'
#0 /var/www/html/lib/lib/Cake/Error/ErrorHandler.php(161): ErrorHandler::handleFatalError(4, 'syntax error, u...', '/var/www/html/l...', 30)
#1 [internal function]: ErrorHandler::handleError(4, 'syntax error, u...', '/var/www/html/l...', 30, Array)
#2 /var/www/html/lib/lib/Cake/Core/App.php(926): call_user_func('ErrorHandler::h...', 4, 'syntax error, u...', '/var/www/html/l...', 30, Array)
#3 /var/www/html/lib/lib/Cake/Core/App.php(899): App::_checkFatalError()
#4 [internal function]: App::shutdown()
#5 {main}
2013-08-14 11:07:15 Error: Fatal Error (4): syntax error, unexpected '=>' (T_DOUBLE_ARROW) in [/var/www/html/lib/app/View/BookMasters/add.ctp, line 11]
2013-08-14 11:07:15 Error: [FatalErrorException] syntax error, unexpected '=>' (T_DOUBLE_ARROW)
#0 /var/www/html/lib/lib/Cake/Error/ErrorHandler.php(161): ErrorHandler::handleFatalError(4, 'syntax error, u...', '/var/www/html/l...', 11)
#1 [internal function]: ErrorHandler::handleError(4, 'syntax error, u...', '/var/www/html/l...', 11, Array)
#2 /var/www/html/lib/lib/Cake/Core/App.php(926): call_user_func('ErrorHandler::h...', 4, 'syntax error, u...', '/var/www/html/l...', 11, Array)
#3 /var/www/html/lib/lib/Cake/Core/App.php(899): App::_checkFatalError()
#4 [internal function]: App::shutdown()
#5 {main}
2013-08-14 13:29:07 Error: [MissingControllerException] Controller class CssController could not be found.
#0 /var/www/html/lib/app/webroot/index.php(92): Dispatcher->dispatch(Object(CakeRequest), Object(CakeResponse))
#1 {main}
2013-08-14 13:32:43 Error: [MissingControllerException] Controller class CssController could not be found.
#0 /var/www/html/lib/app/webroot/index.php(92): Dispatcher->dispatch(Object(CakeRequest), Object(CakeResponse))
#1 {main}
2013-08-14 13:39:48 Error: [MissingControllerException] Controller class CssController could not be found.
#0 /var/www/html/lib/app/webroot/index.php(92): Dispatcher->dispatch(Object(CakeRequest), Object(CakeResponse))
#1 {main}
2013-08-14 13:39:58 Error: [MissingControllerException] Controller class CssController could not be found.
#0 /var/www/html/lib/app/webroot/index.php(92): Dispatcher->dispatch(Object(CakeRequest), Object(CakeResponse))
#1 {main}
2013-08-14 13:40:48 Error: [MissingControllerException] Controller class CssController could not be found.
#0 /var/www/html/lib/app/webroot/index.php(92): Dispatcher->dispatch(Object(CakeRequest), Object(CakeResponse))
#1 {main}
2013-08-14 13:40:54 Error: [MissingControllerException] Controller class CssController could not be found.
#0 /var/www/html/lib/app/webroot/index.php(92): Dispatcher->dispatch(Object(CakeRequest), Object(CakeResponse))
#1 {main}
2013-08-14 13:40:56 Error: [MissingControllerException] Controller class CssController could not be found.
#0 /var/www/html/lib/app/webroot/index.php(92): Dispatcher->dispatch(Object(CakeRequest), Object(CakeResponse))
#1 {main}
2013-08-14 13:43:50 Error: [MissingControllerException] Controller class CssController could not be found.
#0 /var/www/html/lib/app/webroot/index.php(92): Dispatcher->dispatch(Object(CakeRequest), Object(CakeResponse))
#1 {main}
2013-08-14 13:43:53 Error: [MissingControllerException] Controller class CssController could not be found.
#0 /var/www/html/lib/app/webroot/index.php(92): Dispatcher->dispatch(Object(CakeRequest), Object(CakeResponse))
#1 {main}
2013-08-14 13:44:52 Error: [PDOException] SQLSTATE[23000]: Integrity constraint violation: 1062 Duplicate entry '0' for key 'book_id'
#0 /var/www/html/lib/lib/Cake/Model/Datasource/DboSource.php(459): PDOStatement->execute(Array)
#1 /var/www/html/lib/lib/Cake/Model/Datasource/DboSource.php(425): DboSource->_execute('INSERT INTO `li...', Array)
#2 /var/www/html/lib/lib/Cake/Model/Datasource/DboSource.php(1007): DboSource->execute('INSERT INTO `li...')
#3 /var/www/html/lib/lib/Cake/Model/Model.php(1735): DboSource->create(Object(BookMaster), Array, Array)
#4 /var/www/html/lib/lib/Cake/Model/Model.php(2234): Model->save(Array, Array)
#5 /var/www/html/lib/app/Controller/BookMastersController.php(73): Model->saveAssociated(Array)
#6 [internal function]: BookMastersController->add()
#7 /var/www/html/lib/lib/Cake/Controller/Controller.php(485): ReflectionMethod->invokeArgs(Object(BookMastersController), Array)
#8 /var/www/html/lib/lib/Cake/Routing/Dispatcher.php(186): Controller->invokeAction(Object(CakeRequest))
#9 /var/www/html/lib/lib/Cake/Routing/Dispatcher.php(161): Dispatcher->_invoke(Object(BookMastersController), Object(CakeRequest), Object(CakeResponse))
#10 /var/www/html/lib/app/webroot/index.php(92): Dispatcher->dispatch(Object(CakeRequest), Object(CakeResponse))
#11 {main}
2013-08-14 13:44:53 Error: [MissingControllerException] Controller class CssController could not be found.
#0 /var/www/html/lib/app/webroot/index.php(92): Dispatcher->dispatch(Object(CakeRequest), Object(CakeResponse))
#1 {main}
2013-08-14 13:48:05 Error: [MissingControllerException] Controller class CssController could not be found.
#0 /var/www/html/lib/app/webroot/index.php(92): Dispatcher->dispatch(Object(CakeRequest), Object(CakeResponse))
#1 {main}
2013-08-14 13:48:40 Error: [MissingControllerException] Controller class CssController could not be found.
#0 /var/www/html/lib/app/webroot/index.php(92): Dispatcher->dispatch(Object(CakeRequest), Object(CakeResponse))
#1 {main}
2013-08-14 13:48:42 Error: [MissingControllerException] Controller class CssController could not be found.
#0 /var/www/html/lib/app/webroot/index.php(92): Dispatcher->dispatch(Object(CakeRequest), Object(CakeResponse))
#1 {main}
2013-08-14 13:50:39 Error: Fatal Error (4): syntax error, unexpected '{' in [/var/www/html/lib/app/Controller/BookMastersController.php, line 73]
2013-08-14 13:50:39 Error: [FatalErrorException] syntax error, unexpected '{'
#0 /var/www/html/lib/lib/Cake/Error/ErrorHandler.php(161): ErrorHandler::handleFatalError(4, 'syntax error, u...', '/var/www/html/l...', 73)
#1 [internal function]: ErrorHandler::handleError(4, 'syntax error, u...', '/var/www/html/l...', 73, Array)
#2 /var/www/html/lib/lib/Cake/Core/App.php(926): call_user_func('ErrorHandler::h...', 4, 'syntax error, u...', '/var/www/html/l...', 73, Array)
#3 /var/www/html/lib/lib/Cake/Core/App.php(899): App::_checkFatalError()
#4 [internal function]: App::shutdown()
#5 {main}
2013-08-14 13:50:40 Error: [MissingControllerException] Controller class CssController could not be found.
#0 /var/www/html/lib/app/webroot/index.php(92): Dispatcher->dispatch(Object(CakeRequest), Object(CakeResponse))
#1 {main}
2013-08-14 13:51:04 Error: [MissingControllerException] Controller class CssController could not be found.
#0 /var/www/html/lib/app/webroot/index.php(92): Dispatcher->dispatch(Object(CakeRequest), Object(CakeResponse))
#1 {main}
2013-08-14 13:51:23 Error: [PDOException] SQLSTATE[23000]: Integrity constraint violation: 1062 Duplicate entry '2147483647' for key 'book_id'
#0 /var/www/html/lib/lib/Cake/Model/Datasource/DboSource.php(459): PDOStatement->execute(Array)
#1 /var/www/html/lib/lib/Cake/Model/Datasource/DboSource.php(425): DboSource->_execute('INSERT INTO `li...', Array)
#2 /var/www/html/lib/lib/Cake/Model/Datasource/DboSource.php(1007): DboSource->execute('INSERT INTO `li...')
#3 /var/www/html/lib/lib/Cake/Model/Model.php(1735): DboSource->create(Object(BookMaster), Array, Array)
#4 /var/www/html/lib/lib/Cake/Model/Model.php(2234): Model->save(Array, Array)
#5 /var/www/html/lib/app/Controller/BookMastersController.php(73): Model->saveAssociated(Array, Array)
#6 [internal function]: BookMastersController->add()
#7 /var/www/html/lib/lib/Cake/Controller/Controller.php(485): ReflectionMethod->invokeArgs(Object(BookMastersController), Array)
#8 /var/www/html/lib/lib/Cake/Routing/Dispatcher.php(186): Controller->invokeAction(Object(CakeRequest))
#9 /var/www/html/lib/lib/Cake/Routing/Dispatcher.php(161): Dispatcher->_invoke(Object(BookMastersController), Object(CakeRequest), Object(CakeResponse))
#10 /var/www/html/lib/app/webroot/index.php(92): Dispatcher->dispatch(Object(CakeRequest), Object(CakeResponse))
#11 {main}
2013-08-14 13:51:23 Error: [MissingControllerException] Controller class CssController could not be found.
#0 /var/www/html/lib/app/webroot/index.php(92): Dispatcher->dispatch(Object(CakeRequest), Object(CakeResponse))
#1 {main}
2013-08-14 13:53:21 Error: [MissingControllerException] Controller class CssController could not be found.
#0 /var/www/html/lib/app/webroot/index.php(92): Dispatcher->dispatch(Object(CakeRequest), Object(CakeResponse))
#1 {main}
2013-08-14 13:53:27 Error: [MissingControllerException] Controller class CssController could not be found.
#0 /var/www/html/lib/app/webroot/index.php(92): Dispatcher->dispatch(Object(CakeRequest), Object(CakeResponse))
#1 {main}
2013-08-14 13:53:28 Error: [MissingControllerException] Controller class CssController could not be found.
#0 /var/www/html/lib/app/webroot/index.php(92): Dispatcher->dispatch(Object(CakeRequest), Object(CakeResponse))
#1 {main}
2013-08-14 13:53:38 Error: [MissingControllerException] Controller class CssController could not be found.
#0 /var/www/html/lib/app/webroot/index.php(92): Dispatcher->dispatch(Object(CakeRequest), Object(CakeResponse))
#1 {main}
2013-08-14 13:54:01 Error: [MissingControllerException] Controller class CssController could not be found.
#0 /var/www/html/lib/app/webroot/index.php(92): Dispatcher->dispatch(Object(CakeRequest), Object(CakeResponse))
#1 {main}
2013-08-14 13:54:05 Error: [MissingControllerException] Controller class CssController could not be found.
#0 /var/www/html/lib/app/webroot/index.php(92): Dispatcher->dispatch(Object(CakeRequest), Object(CakeResponse))
#1 {main}
2013-08-14 13:54:06 Error: [MissingControllerException] Controller class CssController could not be found.
#0 /var/www/html/lib/app/webroot/index.php(92): Dispatcher->dispatch(Object(CakeRequest), Object(CakeResponse))
#1 {main}
2013-08-14 13:54:12 Error: [MissingControllerException] Controller class CssController could not be found.
#0 /var/www/html/lib/app/webroot/index.php(92): Dispatcher->dispatch(Object(CakeRequest), Object(CakeResponse))
#1 {main}
2013-08-14 13:54:14 Error: [MissingControllerException] Controller class CssController could not be found.
#0 /var/www/html/lib/app/webroot/index.php(92): Dispatcher->dispatch(Object(CakeRequest), Object(CakeResponse))
#1 {main}
2013-08-14 13:59:50 Error: [MissingControllerException] Controller class CssController could not be found.
#0 /var/www/html/lib/app/webroot/index.php(92): Dispatcher->dispatch(Object(CakeRequest), Object(CakeResponse))
#1 {main}
2013-08-14 14:00:17 Error: [MissingControllerException] Controller class CssController could not be found.
#0 /var/www/html/lib/app/webroot/index.php(92): Dispatcher->dispatch(Object(CakeRequest), Object(CakeResponse))
#1 {main}
2013-08-14 14:04:02 Error: [MissingControllerException] Controller class CssController could not be found.
#0 /var/www/html/lib/app/webroot/index.php(92): Dispatcher->dispatch(Object(CakeRequest), Object(CakeResponse))
#1 {main}
2013-08-14 14:04:21 Error: [MissingControllerException] Controller class CssController could not be found.
#0 /var/www/html/lib/app/webroot/index.php(92): Dispatcher->dispatch(Object(CakeRequest), Object(CakeResponse))
#1 {main}
2013-08-14 14:06:19 Error: [PDOException] SQLSTATE[23000]: Integrity constraint violation: 1062 Duplicate entry '0' for key 'book_id'
#0 /var/www/html/lib/lib/Cake/Model/Datasource/DboSource.php(459): PDOStatement->execute(Array)
#1 /var/www/html/lib/lib/Cake/Model/Datasource/DboSource.php(425): DboSource->_execute('INSERT INTO `li...', Array)
#2 /var/www/html/lib/lib/Cake/Model/Datasource/DboSource.php(1007): DboSource->execute('INSERT INTO `li...')
#3 /var/www/html/lib/lib/Cake/Model/Model.php(1735): DboSource->create(Object(BookMaster), Array, Array)
#4 /var/www/html/lib/lib/Cake/Model/Model.php(2234): Model->save(Array, Array)
#5 /var/www/html/lib/lib/Cake/Model/Model.php(2096): Model->saveAssociated(NULL, Array)
#6 /var/www/html/lib/lib/Cake/Model/Model.php(2278): Model->saveMany(Array, Array)
#7 /var/www/html/lib/lib/Cake/Model/Model.php(2040): Model->saveAssociated(Array, Array)
#8 /var/www/html/lib/app/Controller/BookMastersController.php(73): Model->saveAll(Array, Array)
#9 [internal function]: BookMastersController->add()
#10 /var/www/html/lib/lib/Cake/Controller/Controller.php(485): ReflectionMethod->invokeArgs(Object(BookMastersController), Array)
#11 /var/www/html/lib/lib/Cake/Routing/Dispatcher.php(186): Controller->invokeAction(Object(CakeRequest))
#12 /var/www/html/lib/lib/Cake/Routing/Dispatcher.php(161): Dispatcher->_invoke(Object(BookMastersController), Object(CakeRequest), Object(CakeResponse))
#13 /var/www/html/lib/app/webroot/index.php(92): Dispatcher->dispatch(Object(CakeRequest), Object(CakeResponse))
#14 {main}
2013-08-14 14:06:19 Error: [MissingControllerException] Controller class CssController could not be found.
#0 /var/www/html/lib/app/webroot/index.php(92): Dispatcher->dispatch(Object(CakeRequest), Object(CakeResponse))
#1 {main}
2013-08-14 14:13:32 Error: Fatal Error (4): syntax error, unexpected '{' in [/var/www/html/lib/app/Controller/BookMastersController.php, line 74]
2013-08-14 14:13:32 Error: [FatalErrorException] syntax error, unexpected '{'
#0 /var/www/html/lib/lib/Cake/Error/ErrorHandler.php(161): ErrorHandler::handleFatalError(4, 'syntax error, u...', '/var/www/html/l...', 74)
#1 [internal function]: ErrorHandler::handleError(4, 'syntax error, u...', '/var/www/html/l...', 74, Array)
#2 /var/www/html/lib/lib/Cake/Core/App.php(926): call_user_func('ErrorHandler::h...', 4, 'syntax error, u...', '/var/www/html/l...', 74, Array)
#3 /var/www/html/lib/lib/Cake/Core/App.php(899): App::_checkFatalError()
#4 [internal function]: App::shutdown()
#5 {main}
2013-08-14 14:15:16 Error: [MissingControllerException] Controller class CssController could not be found.
#0 /var/www/html/lib/app/webroot/index.php(92): Dispatcher->dispatch(Object(CakeRequest), Object(CakeResponse))
#1 {main}
2013-08-14 14:15:41 Error: [PDOException] SQLSTATE[23000]: Integrity constraint violation: 1062 Duplicate entry '3233336' for key 'book_id'
#0 /var/www/html/lib/lib/Cake/Model/Datasource/DboSource.php(459): PDOStatement->execute(Array)
#1 /var/www/html/lib/lib/Cake/Model/Datasource/DboSource.php(425): DboSource->_execute('INSERT INTO `li...', Array)
#2 /var/www/html/lib/lib/Cake/Model/Datasource/DboSource.php(1007): DboSource->execute('INSERT INTO `li...')
#3 /var/www/html/lib/lib/Cake/Model/Model.php(1735): DboSource->create(Object(BookMaster), Array, Array)
#4 /var/www/html/lib/app/Controller/BookMastersController.php(78): Model->save(Array)
#5 [internal function]: BookMastersController->add()
#6 /var/www/html/lib/lib/Cake/Controller/Controller.php(485): ReflectionMethod->invokeArgs(Object(BookMastersController), Array)
#7 /var/www/html/lib/lib/Cake/Routing/Dispatcher.php(186): Controller->invokeAction(Object(CakeRequest))
#8 /var/www/html/lib/lib/Cake/Routing/Dispatcher.php(161): Dispatcher->_invoke(Object(BookMastersController), Object(CakeRequest), Object(CakeResponse))
#9 /var/www/html/lib/app/webroot/index.php(92): Dispatcher->dispatch(Object(CakeRequest), Object(CakeResponse))
#10 {main}
2013-08-14 14:15:41 Error: [MissingControllerException] Controller class CssController could not be found.
#0 /var/www/html/lib/app/webroot/index.php(92): Dispatcher->dispatch(Object(CakeRequest), Object(CakeResponse))
#1 {main}
2013-08-14 14:22:33 Error: [MissingControllerException] Controller class CssController could not be found.
#0 /var/www/html/lib/app/webroot/index.php(92): Dispatcher->dispatch(Object(CakeRequest), Object(CakeResponse))
#1 {main}
2013-08-14 14:23:23 Error: [MissingControllerException] Controller class CssController could not be found.
#0 /var/www/html/lib/app/webroot/index.php(92): Dispatcher->dispatch(Object(CakeRequest), Object(CakeResponse))
#1 {main}
2013-08-14 14:27:04 Error: [MissingTableException] Table colors for model Color was not found in datasource default.
#0 /var/www/html/lib/lib/Cake/Model/Model.php(3191): Model->setSource('colors')
#1 /var/www/html/lib/lib/Cake/Model/Model.php(1305): Model->getDataSource()
#2 /var/www/html/lib/lib/Cake/Model/Model.php(1478): Model->schema()
#3 /var/www/html/lib/app/Controller/BookMastersController.php(72): Model->create()
#4 [internal function]: BookMastersController->add()
#5 /var/www/html/lib/lib/Cake/Controller/Controller.php(485): ReflectionMethod->invokeArgs(Object(BookMastersController), Array)
#6 /var/www/html/lib/lib/Cake/Routing/Dispatcher.php(186): Controller->invokeAction(Object(CakeRequest))
#7 /var/www/html/lib/lib/Cake/Routing/Dispatcher.php(161): Dispatcher->_invoke(Object(BookMastersController), Object(CakeRequest), Object(CakeResponse))
#8 /var/www/html/lib/app/webroot/index.php(92): Dispatcher->dispatch(Object(CakeRequest), Object(CakeResponse))
#9 {main}
2013-08-14 14:27:04 Error: [MissingControllerException] Controller class CssController could not be found.
#0 /var/www/html/lib/app/webroot/index.php(92): Dispatcher->dispatch(Object(CakeRequest), Object(CakeResponse))
#1 {main}
2013-08-14 14:28:04 Error: [MissingControllerException] Controller class CssController could not be found.
#0 /var/www/html/lib/app/webroot/index.php(92): Dispatcher->dispatch(Object(CakeRequest), Object(CakeResponse))
#1 {main}
2013-08-14 14:33:38 Error: [MissingControllerException] Controller class CssController could not be found.
#0 /var/www/html/lib/app/webroot/index.php(92): Dispatcher->dispatch(Object(CakeRequest), Object(CakeResponse))
#1 {main}
2013-08-14 14:33:49 Error: [PDOException] SQLSTATE[23000]: Integrity constraint violation: 1062 Duplicate entry '#28d64' for key 'code'
#0 /var/www/html/lib/lib/Cake/Model/Datasource/DboSource.php(459): PDOStatement->execute(Array)
#1 /var/www/html/lib/lib/Cake/Model/Datasource/DboSource.php(425): DboSource->_execute('INSERT INTO `li...', Array)
#2 /var/www/html/lib/lib/Cake/Model/Datasource/DboSource.php(1007): DboSource->execute('INSERT INTO `li...')
#3 /var/www/html/lib/lib/Cake/Model/Model.php(1735): DboSource->create(Object(Color), Array, Array)
#4 /var/www/html/lib/app/Controller/BookMastersController.php(75): Model->save(Array)
#5 [internal function]: BookMastersController->add()
#6 /var/www/html/lib/lib/Cake/Controller/Controller.php(485): ReflectionMethod->invokeArgs(Object(BookMastersController), Array)
#7 /var/www/html/lib/lib/Cake/Routing/Dispatcher.php(186): Controller->invokeAction(Object(CakeRequest))
#8 /var/www/html/lib/lib/Cake/Routing/Dispatcher.php(161): Dispatcher->_invoke(Object(BookMastersController), Object(CakeRequest), Object(CakeResponse))
#9 /var/www/html/lib/app/webroot/index.php(92): Dispatcher->dispatch(Object(CakeRequest), Object(CakeResponse))
#10 {main}
2013-08-14 14:33:49 Error: [MissingControllerException] Controller class CssController could not be found.
#0 /var/www/html/lib/app/webroot/index.php(92): Dispatcher->dispatch(Object(CakeRequest), Object(CakeResponse))
#1 {main}
2013-08-14 14:34:56 Error: [MissingControllerException] Controller class CssController could not be found.
#0 /var/www/html/lib/app/webroot/index.php(92): Dispatcher->dispatch(Object(CakeRequest), Object(CakeResponse))
#1 {main}
2013-08-14 14:35:01 Error: [MissingControllerException] Controller class CssController could not be found.
#0 /var/www/html/lib/app/webroot/index.php(92): Dispatcher->dispatch(Object(CakeRequest), Object(CakeResponse))
#1 {main}
2013-08-14 14:35:02 Error: [MissingControllerException] Controller class CssController could not be found.
#0 /var/www/html/lib/app/webroot/index.php(92): Dispatcher->dispatch(Object(CakeRequest), Object(CakeResponse))
#1 {main}
2013-08-14 14:40:25 Error: [MissingControllerException] Controller class CssController could not be found.
#0 /var/www/html/lib/app/webroot/index.php(92): Dispatcher->dispatch(Object(CakeRequest), Object(CakeResponse))
#1 {main}
2013-08-14 14:40:31 Error: [MissingControllerException] Controller class CssController could not be found.
#0 /var/www/html/lib/app/webroot/index.php(92): Dispatcher->dispatch(Object(CakeRequest), Object(CakeResponse))
#1 {main}
2013-08-14 14:41:03 Error: [MissingControllerException] Controller class CssController could not be found.
#0 /var/www/html/lib/app/webroot/index.php(92): Dispatcher->dispatch(Object(CakeRequest), Object(CakeResponse))
#1 {main}
2013-08-14 14:42:26 Error: [MissingControllerException] Controller class CssController could not be found.
#0 /var/www/html/lib/app/webroot/index.php(92): Dispatcher->dispatch(Object(CakeRequest), Object(CakeResponse))
#1 {main}
2013-08-14 14:42:48 Error: [MissingControllerException] Controller class CssController could not be found.
#0 /var/www/html/lib/app/webroot/index.php(92): Dispatcher->dispatch(Object(CakeRequest), Object(CakeResponse))
#1 {main}
2013-08-14 14:42:52 Error: [MissingControllerException] Controller class CssController could not be found.
#0 /var/www/html/lib/app/webroot/index.php(92): Dispatcher->dispatch(Object(CakeRequest), Object(CakeResponse))
#1 {main}
2013-08-14 14:42:54 Error: [MissingControllerException] Controller class CssController could not be found.
#0 /var/www/html/lib/app/webroot/index.php(92): Dispatcher->dispatch(Object(CakeRequest), Object(CakeResponse))
#1 {main}
2013-08-15 13:09:36 Error: [NotFoundException] 蔵書は見つかりませんでした。
#0 [internal function]: BookMastersController->view()
#1 /var/www/html/lib/lib/Cake/Controller/Controller.php(485): ReflectionMethod->invokeArgs(Object(BookMastersController), Array)
#2 /var/www/html/lib/lib/Cake/Routing/Dispatcher.php(186): Controller->invokeAction(Object(CakeRequest))
#3 /var/www/html/lib/lib/Cake/Routing/Dispatcher.php(161): Dispatcher->_invoke(Object(BookMastersController), Object(CakeRequest), Object(CakeResponse))
#4 /var/www/html/lib/app/webroot/index.php(92): Dispatcher->dispatch(Object(CakeRequest), Object(CakeResponse))
#5 {main}
2013-08-15 13:40:27 Error: [PDOException] SQLSTATE[23000]: Integrity constraint violation: 1062 Duplicate entry '0' for key 'book_id'
#0 /var/www/html/lib/lib/Cake/Model/Datasource/DboSource.php(459): PDOStatement->execute(Array)
#1 /var/www/html/lib/lib/Cake/Model/Datasource/DboSource.php(425): DboSource->_execute('INSERT INTO `li...', Array)
#2 /var/www/html/lib/lib/Cake/Model/Datasource/DboSource.php(1007): DboSource->execute('INSERT INTO `li...')
#3 /var/www/html/lib/lib/Cake/Model/Model.php(1735): DboSource->create(Object(BookMaster), Array, Array)
#4 /var/www/html/lib/app/Model/BookMaster.php(290): Model->save(Array, false, Array)
#5 /var/www/html/lib/app/Controller/BookMastersController.php(141): BookMaster->delete()
#6 [internal function]: BookMastersController->delete('3320')
#7 /var/www/html/lib/lib/Cake/Controller/Controller.php(485): ReflectionMethod->invokeArgs(Object(BookMastersController), Array)
#8 /var/www/html/lib/lib/Cake/Routing/Dispatcher.php(186): Controller->invokeAction(Object(CakeRequest))
#9 /var/www/html/lib/lib/Cake/Routing/Dispatcher.php(161): Dispatcher->_invoke(Object(BookMastersController), Object(CakeRequest), Object(CakeResponse))
#10 /var/www/html/lib/app/webroot/index.php(92): Dispatcher->dispatch(Object(CakeRequest), Object(CakeResponse))
#11 {main}
2013-08-16 13:42:49 Error: [MissingActionException] Action BookMastersController::img() could not be found.
#0 /var/www/html/lib/lib/Cake/Routing/Dispatcher.php(186): Controller->invokeAction(Object(CakeRequest))
#1 /var/www/html/lib/lib/Cake/Routing/Dispatcher.php(161): Dispatcher->_invoke(Object(BookMastersController), Object(CakeRequest), Object(CakeResponse))
#2 /var/www/html/lib/app/webroot/index.php(92): Dispatcher->dispatch(Object(CakeRequest), Object(CakeResponse))
#3 {main}
2013-08-21 10:38:06 Error: Fatal Error (1): Call to undefined function uses() in [/var/www/html/lib/app/Model/BookMaster.php, line 207]
2013-08-21 10:38:06 Error: [InternalErrorException] Internal Server Error
#0 /var/www/html/lib/lib/Cake/Error/ErrorHandler.php(161): ErrorHandler::handleFatalError(1, 'Call to undefin...', '/var/www/html/l...', 207)
#1 [internal function]: ErrorHandler::handleError(1, 'Call to undefin...', '/var/www/html/l...', 207, Array)
#2 /var/www/html/lib/lib/Cake/Core/App.php(926): call_user_func('ErrorHandler::h...', 1, 'Call to undefin...', '/var/www/html/l...', 207, Array)
#3 /var/www/html/lib/lib/Cake/Core/App.php(899): App::_checkFatalError()
#4 [internal function]: App::shutdown()
#5 {main}
2013-08-21 10:38:48 Error: Fatal Error (1): Call to undefined function uses() in [/var/www/html/lib/app/Model/BookMaster.php, line 207]
2013-08-21 10:38:48 Error: [FatalErrorException] Call to undefined function uses()
#0 /var/www/html/lib/lib/Cake/Error/ErrorHandler.php(161): ErrorHandler::handleFatalError(1, 'Call to undefin...', '/var/www/html/l...', 207)
#1 [internal function]: ErrorHandler::handleError(1, 'Call to undefin...', '/var/www/html/l...', 207, Array)
#2 /var/www/html/lib/lib/Cake/Core/App.php(926): call_user_func('ErrorHandler::h...', 1, 'Call to undefin...', '/var/www/html/l...', 207, Array)
#3 /var/www/html/lib/lib/Cake/Core/App.php(899): App::_checkFatalError()
#4 [internal function]: App::shutdown()
#5 {main}
2013-08-21 14:27:43 Error: Fatal Error (4): syntax error, unexpected ';' in [/var/www/html/lib/app/Model/BookMaster.php, line 217]
2013-08-21 14:27:43 Error: [FatalErrorException] syntax error, unexpected ';'
#0 /var/www/html/lib/lib/Cake/Error/ErrorHandler.php(161): ErrorHandler::handleFatalError(4, 'syntax error, u...', '/var/www/html/l...', 217)
#1 [internal function]: ErrorHandler::handleError(4, 'syntax error, u...', '/var/www/html/l...', 217, Array)
#2 /var/www/html/lib/lib/Cake/Core/App.php(926): call_user_func('ErrorHandler::h...', 4, 'syntax error, u...', '/var/www/html/l...', 217, Array)
#3 /var/www/html/lib/lib/Cake/Core/App.php(899): App::_checkFatalError()
#4 [internal function]: App::shutdown()
#5 {main}
2013-08-21 14:29:04 Error: Fatal Error (4): syntax error, unexpected '--' (T_DEC) in [/var/www/html/lib/app/Model/BookMaster.php, line 217]
2013-08-21 14:29:04 Error: [FatalErrorException] syntax error, unexpected '--' (T_DEC)
#0 /var/www/html/lib/lib/Cake/Error/ErrorHandler.php(161): ErrorHandler::handleFatalError(4, 'syntax error, u...', '/var/www/html/l...', 217)
#1 [internal function]: ErrorHandler::handleError(4, 'syntax error, u...', '/var/www/html/l...', 217, Array)
#2 /var/www/html/lib/lib/Cake/Core/App.php(926): call_user_func('ErrorHandler::h...', 4, 'syntax error, u...', '/var/www/html/l...', 217, Array)
#3 /var/www/html/lib/lib/Cake/Core/App.php(899): App::_checkFatalError()
#4 [internal function]: App::shutdown()
#5 {main}
2013-08-21 14:29:16 Error: Fatal Error (4): syntax error, unexpected ';', expecting :: (T_PAAMAYIM_NEKUDOTAYIM) in [/var/www/html/lib/app/Model/BookMaster.php, line 217]
2013-08-21 14:29:16 Error: [FatalErrorException] syntax error, unexpected ';', expecting :: (T_PAAMAYIM_NEKUDOTAYIM)
#0 /var/www/html/lib/lib/Cake/Error/ErrorHandler.php(161): ErrorHandler::handleFatalError(4, 'syntax error, u...', '/var/www/html/l...', 217)
#1 [internal function]: ErrorHandler::handleError(4, 'syntax error, u...', '/var/www/html/l...', 217, Array)
#2 /var/www/html/lib/lib/Cake/Core/App.php(926): call_user_func('ErrorHandler::h...', 4, 'syntax error, u...', '/var/www/html/l...', 217, Array)
#3 /var/www/html/lib/lib/Cake/Core/App.php(899): App::_checkFatalError()
#4 [internal function]: App::shutdown()
#5 {main}
2013-08-22 12:21:39 Error: Fatal Error (4): syntax error, unexpected '<' in [/var/www/html/lib/app/View/Layouts/management.ctp, line 25]
2013-08-22 12:21:39 Error: [FatalErrorException] syntax error, unexpected '<'
#0 /var/www/html/lib/lib/Cake/Error/ErrorHandler.php(161): ErrorHandler::handleFatalError(4, 'syntax error, u...', '/var/www/html/l...', 25)
#1 [internal function]: ErrorHandler::handleError(4, 'syntax error, u...', '/var/www/html/l...', 25, Array)
#2 /var/www/html/lib/lib/Cake/Core/App.php(926): call_user_func('ErrorHandler::h...', 4, 'syntax error, u...', '/var/www/html/l...', 25, Array)
#3 /var/www/html/lib/lib/Cake/Core/App.php(899): App::_checkFatalError()
#4 [internal function]: App::shutdown()
#5 {main}
2013-08-22 12:24:47 Error: Fatal Error (4): syntax error, unexpected '=>' (T_DOUBLE_ARROW) in [/var/www/html/lib/app/Controller/BookMastersController.php, line 110]
2013-08-22 12:24:47 Error: [FatalErrorException] syntax error, unexpected '=>' (T_DOUBLE_ARROW)
#0 /var/www/html/lib/lib/Cake/Error/ErrorHandler.php(161): ErrorHandler::handleFatalError(4, 'syntax error, u...', '/var/www/html/l...', 110)
#1 [internal function]: ErrorHandler::handleError(4, 'syntax error, u...', '/var/www/html/l...', 110, Array)
#2 /var/www/html/lib/lib/Cake/Core/App.php(926): call_user_func('ErrorHandler::h...', 4, 'syntax error, u...', '/var/www/html/l...', 110, Array)
#3 /var/www/html/lib/lib/Cake/Core/App.php(899): App::_checkFatalError()
#4 [internal function]: App::shutdown()
#5 {main}
2013-08-22 12:25:58 Error: [MissingViewException] View file "/var/www/html/lib/app/View/BookMasters/confirm.ctp" is missing.
#0 /var/www/html/lib/lib/Cake/View/View.php(473): View->_getViewFileName(NULL)
#1 /var/www/html/lib/lib/Cake/Controller/Controller.php(956): View->render(NULL, NULL)
#2 /var/www/html/lib/lib/Cake/Routing/Dispatcher.php(193): Controller->render()
#3 /var/www/html/lib/lib/Cake/Routing/Dispatcher.php(161): Dispatcher->_invoke(Object(BookMastersController), Object(CakeRequest), Object(CakeResponse))
#4 /var/www/html/lib/app/webroot/index.php(92): Dispatcher->dispatch(Object(CakeRequest), Object(CakeResponse))
#5 {main}
2013-08-22 13:11:08 Error: Fatal Error (4): syntax error, unexpected ';' in [/var/www/html/lib/app/Controller/BookMastersController.php, line 77]
2013-08-22 13:11:08 Error: [FatalErrorException] syntax error, unexpected ';'
#0 /var/www/html/lib/lib/Cake/Error/ErrorHandler.php(161): ErrorHandler::handleFatalError(4, 'syntax error, u...', '/var/www/html/l...', 77)
#1 [internal function]: ErrorHandler::handleError(4, 'syntax error, u...', '/var/www/html/l...', 77, Array)
#2 /var/www/html/lib/lib/Cake/Core/App.php(926): call_user_func('ErrorHandler::h...', 4, 'syntax error, u...', '/var/www/html/l...', 77, Array)
#3 /var/www/html/lib/lib/Cake/Core/App.php(899): App::_checkFatalError()
#4 [internal function]: App::shutdown()
#5 {main}
2013-08-22 13:11:26 Error: Fatal Error (64): Can't use method return value in write context in [/var/www/html/lib/app/Controller/BookMastersController.php, line 109]
2013-08-22 13:11:26 Error: [FatalErrorException] Can't use method return value in write context
#0 /var/www/html/lib/lib/Cake/Error/ErrorHandler.php(161): ErrorHandler::handleFatalError(64, 'Can't use metho...', '/var/www/html/l...', 109)
#1 [internal function]: ErrorHandler::handleError(64, 'Can't use metho...', '/var/www/html/l...', 109, Array)
#2 /var/www/html/lib/lib/Cake/Core/App.php(926): call_user_func('ErrorHandler::h...', 64, 'Can't use metho...', '/var/www/html/l...', 109, Array)
#3 /var/www/html/lib/lib/Cake/Core/App.php(899): App::_checkFatalError()
#4 [internal function]: App::shutdown()
#5 {main}
2013-08-22 14:08:52 Error: Fatal Error (4): syntax error, unexpected ';' in [/var/www/html/lib/app/Controller/BookMastersController.php, line 132]
2013-08-22 14:08:52 Error: [FatalErrorException] syntax error, unexpected ';'
#0 /var/www/html/lib/lib/Cake/Error/ErrorHandler.php(161): ErrorHandler::handleFatalError(4, 'syntax error, u...', '/var/www/html/l...', 132)
#1 [internal function]: ErrorHandler::handleError(4, 'syntax error, u...', '/var/www/html/l...', 132, Array)
#2 /var/www/html/lib/lib/Cake/Core/App.php(926): call_user_func('ErrorHandler::h...', 4, 'syntax error, u...', '/var/www/html/l...', 132, Array)
#3 /var/www/html/lib/lib/Cake/Core/App.php(899): App::_checkFatalError()
#4 [internal function]: App::shutdown()
#5 {main}
2013-08-22 14:09:22 Error: [MissingActionException] Action BookMastersController::book_save() could not be found.
#0 /var/www/html/lib/lib/Cake/Routing/Dispatcher.php(186): Controller->invokeAction(Object(CakeRequest))
#1 /var/www/html/lib/lib/Cake/Routing/Dispatcher.php(161): Dispatcher->_invoke(Object(BookMastersController), Object(CakeRequest), Object(CakeResponse))
#2 /var/www/html/lib/app/webroot/index.php(92): Dispatcher->dispatch(Object(CakeRequest), Object(CakeResponse))
#3 {main}
2013-08-22 14:48:16 Error: [NotFoundException] 蔵書は見つかりませんでした
#0 [internal function]: BookMastersController->edit()
#1 /var/www/html/lib/lib/Cake/Controller/Controller.php(485): ReflectionMethod->invokeArgs(Object(BookMastersController), Array)
#2 /var/www/html/lib/lib/Cake/Routing/Dispatcher.php(186): Controller->invokeAction(Object(CakeRequest))
#3 /var/www/html/lib/lib/Cake/Routing/Dispatcher.php(161): Dispatcher->_invoke(Object(BookMastersController), Object(CakeRequest), Object(CakeResponse))
#4 /var/www/html/lib/app/webroot/index.php(92): Dispatcher->dispatch(Object(CakeRequest), Object(CakeResponse))
#5 {main}
2013-08-22 14:52:44 Error: [NotFoundException] 蔵書は見つかりませんでした
#0 [internal function]: BookMastersController->edit()
#1 /var/www/html/lib/lib/Cake/Controller/Controller.php(485): ReflectionMethod->invokeArgs(Object(BookMastersController), Array)
#2 /var/www/html/lib/lib/Cake/Routing/Dispatcher.php(186): Controller->invokeAction(Object(CakeRequest))
#3 /var/www/html/lib/lib/Cake/Routing/Dispatcher.php(161): Dispatcher->_invoke(Object(BookMastersController), Object(CakeRequest), Object(CakeResponse))
#4 /var/www/html/lib/app/webroot/index.php(92): Dispatcher->dispatch(Object(CakeRequest), Object(CakeResponse))
#5 {main}
2013-08-22 14:53:04 Error: [NotFoundException] 蔵書は見つかりませんでした
#0 [internal function]: BookMastersController->edit('3321')
#1 /var/www/html/lib/lib/Cake/Controller/Controller.php(485): ReflectionMethod->invokeArgs(Object(BookMastersController), Array)
#2 /var/www/html/lib/lib/Cake/Routing/Dispatcher.php(186): Controller->invokeAction(Object(CakeRequest))
#3 /var/www/html/lib/lib/Cake/Routing/Dispatcher.php(161): Dispatcher->_invoke(Object(BookMastersController), Object(CakeRequest), Object(CakeResponse))
#4 /var/www/html/lib/app/webroot/index.php(92): Dispatcher->dispatch(Object(CakeRequest), Object(CakeResponse))
#5 {main}
2013-08-22 14:57:40 Error: Fatal Error (4): syntax error, unexpected ';' in [/var/www/html/lib/app/Controller/BookMastersController.php, line 96]
2013-08-22 14:57:40 Error: [FatalErrorException] syntax error, unexpected ';'
#0 /var/www/html/lib/lib/Cake/Error/ErrorHandler.php(161): ErrorHandler::handleFatalError(4, 'syntax error, u...', '/var/www/html/l...', 96)
#1 [internal function]: ErrorHandler::handleError(4, 'syntax error, u...', '/var/www/html/l...', 96, Array)
#2 /var/www/html/lib/lib/Cake/Core/App.php(926): call_user_func('ErrorHandler::h...', 4, 'syntax error, u...', '/var/www/html/l...', 96, Array)
#3 /var/www/html/lib/lib/Cake/Core/App.php(899): App::_checkFatalError()
#4 [internal function]: App::shutdown()
#5 {main}
2013-08-22 15:09:45 Error: Fatal Error (4): syntax error, unexpected ';' in [/var/www/html/lib/app/Controller/BookMastersController.php, line 113]
2013-08-22 15:09:45 Error: [FatalErrorException] syntax error, unexpected ';'
#0 /var/www/html/lib/lib/Cake/Error/ErrorHandler.php(161): ErrorHandler::handleFatalError(4, 'syntax error, u...', '/var/www/html/l...', 113)
#1 [internal function]: ErrorHandler::handleError(4, 'syntax error, u...', '/var/www/html/l...', 113, Array)
#2 /var/www/html/lib/lib/Cake/Core/App.php(926): call_user_func('ErrorHandler::h...', 4, 'syntax error, u...', '/var/www/html/l...', 113, Array)
#3 /var/www/html/lib/lib/Cake/Core/App.php(899): App::_checkFatalError()
#4 [internal function]: App::shutdown()
#5 {main}
2013-08-22 15:10:00 Error: [PDOException] SQLSTATE[42000]: Syntax error or access violation: 1064 You have an error in your SQL syntax; check the manual that corresponds to your MySQL server version for the right syntax to use near 'errors' at line 1
#0 /var/www/html/lib/lib/Cake/Model/Datasource/DboSource.php(459): PDOStatement->execute(Array)
#1 /var/www/html/lib/lib/Cake/Model/Datasource/DboSource.php(425): DboSource->_execute('errors', Array)
#2 /var/www/html/lib/lib/Cake/Model/Datasource/DboSource.php(669): DboSource->execute('errors', Array, Array)
#3 /var/www/html/lib/lib/Cake/Model/Datasource/DboSource.php(611): DboSource->fetchAll('errors', Array, Array)
#4 /var/www/html/lib/lib/Cake/Model/Model.php(788): DboSource->query('errors', Array, Object(BookMaster))
#5 /var/www/html/lib/app/Controller/BookMastersController.php(113): Model->__call('errors', Array)
#6 /var/www/html/lib/app/Controller/BookMastersController.php(113): BookMaster->errors()
#7 [internal function]: BookMastersController->edit('3321')
#8 /var/www/html/lib/lib/Cake/Controller/Controller.php(485): ReflectionMethod->invokeArgs(Object(BookMastersController), Array)
#9 /var/www/html/lib/lib/Cake/Routing/Dispatcher.php(186): Controller->invokeAction(Object(CakeRequest))
#10 /var/www/html/lib/lib/Cake/Routing/Dispatcher.php(161): Dispatcher->_invoke(Object(BookMastersController), Object(CakeRequest), Object(CakeResponse))
#11 /var/www/html/lib/app/webroot/index.php(92): Dispatcher->dispatch(Object(CakeRequest), Object(CakeResponse))
#12 {main}
2013-08-22 15:37:36 Error: Fatal Error (4): syntax error, unexpected ';' in [/var/www/html/lib/app/Controller/BookMastersController.php, line 154]
2013-08-22 15:37:36 Error: [FatalErrorException] syntax error, unexpected ';'
#0 /var/www/html/lib/lib/Cake/Error/ErrorHandler.php(161): ErrorHandler::handleFatalError(4, 'syntax error, u...', '/var/www/html/l...', 154)
#1 [internal function]: ErrorHandler::handleError(4, 'syntax error, u...', '/var/www/html/l...', 154, Array)
#2 /var/www/html/lib/lib/Cake/Core/App.php(926): call_user_func('ErrorHandler::h...', 4, 'syntax error, u...', '/var/www/html/l...', 154, Array)
#3 /var/www/html/lib/lib/Cake/Core/App.php(899): App::_checkFatalError()
#4 [internal function]: App::shutdown()
#5 {main}
2013-08-23 10:57:56 Warning: Warning (2): Creating default object from empty value in [/var/www/html/lib/app/Controller/VideoMastersController.php, line 36]
Trace:
VideoMastersController::index() - APP/Controller/VideoMastersController.php, line 36
ReflectionMethod::invokeArgs() - [internal], line ??
Controller::invokeAction() - CORE/Cake/Controller/Controller.php, line 485
Dispatcher::_invoke() - CORE/Cake/Routing/Dispatcher.php, line 186
Dispatcher::dispatch() - CORE/Cake/Routing/Dispatcher.php, line 161
[main] - APP/webroot/index.php, line 92

2013-08-23 10:57:56 Error: Fatal Error (64): Cannot redeclare class VideoMaster in [/var/www/html/lib/app/Model/Video.php, line 118]
2013-08-23 10:57:56 Error: [InternalErrorException] Internal Server Error
#0 /var/www/html/lib/lib/Cake/Error/ErrorHandler.php(161): ErrorHandler::handleFatalError(64, 'Cannot redeclar...', '/var/www/html/l...', 118)
#1 [internal function]: ErrorHandler::handleError(64, 'Cannot redeclar...', '/var/www/html/l...', 118, Array)
#2 /var/www/html/lib/lib/Cake/Core/App.php(926): call_user_func('ErrorHandler::h...', 64, 'Cannot redeclar...', '/var/www/html/l...', 118, Array)
#3 /var/www/html/lib/lib/Cake/Core/App.php(899): App::_checkFatalError()
#4 [internal function]: App::shutdown()
#5 {main}
2013-08-23 10:58:24 Error: Fatal Error (64): Cannot redeclare class VideoMaster in [/var/www/html/lib/app/Model/Video.php, line 118]
2013-08-23 10:58:24 Error: [FatalErrorException] Cannot redeclare class VideoMaster
#0 /var/www/html/lib/lib/Cake/Error/ErrorHandler.php(161): ErrorHandler::handleFatalError(64, 'Cannot redeclar...', '/var/www/html/l...', 118)
#1 [internal function]: ErrorHandler::handleError(64, 'Cannot redeclar...', '/var/www/html/l...', 118, Array)
#2 /var/www/html/lib/lib/Cake/Core/App.php(926): call_user_func('ErrorHandler::h...', 64, 'Cannot redeclar...', '/var/www/html/l...', 118, Array)
#3 /var/www/html/lib/lib/Cake/Core/App.php(899): App::_checkFatalError()
#4 [internal function]: App::shutdown()
#5 {main}
2013-08-23 11:01:07 Error: [MissingTableException] Table video_masters for model VideoMaster was not found in datasource default.
#0 /var/www/html/lib/lib/Cake/Model/Model.php(3191): Model->setSource('video_masters')
#1 /var/www/html/lib/lib/Cake/Model/Model.php(2642): Model->getDataSource()
#2 /var/www/html/lib/lib/Cake/Controller/Component/PaginatorComponent.php(173): Model->find('all', Array)
#3 /var/www/html/lib/lib/Cake/Controller/Controller.php(1081): PaginatorComponent->paginate('VideoMaster', Array, Array)
#4 /var/www/html/lib/app/Controller/VideoMastersController.php(37): Controller->paginate('VideoMaster')
#5 [internal function]: VideoMastersController->index()
#6 /var/www/html/lib/lib/Cake/Controller/Controller.php(485): ReflectionMethod->invokeArgs(Object(VideoMastersController), Array)
#7 /var/www/html/lib/lib/Cake/Routing/Dispatcher.php(186): Controller->invokeAction(Object(CakeRequest))
#8 /var/www/html/lib/lib/Cake/Routing/Dispatcher.php(161): Dispatcher->_invoke(Object(VideoMastersController), Object(CakeRequest), Object(CakeResponse))
#9 /var/www/html/lib/app/webroot/index.php(92): Dispatcher->dispatch(Object(CakeRequest), Object(CakeResponse))
#10 {main}
2013-08-23 11:05:30 Error: 不正侵入：確認画面(video)
2013-08-23 11:06:45 Error: 不正侵入：確認画面(video)
2013-08-23 15:45:00 Error: Fatal Error (4): syntax error, unexpected ';' in [/var/www/html/lib/app/Controller/LibraryController.php, line 109]
2013-08-23 15:45:00 Error: [FatalErrorException] syntax error, unexpected ';'
#0 /var/www/html/lib/lib/Cake/Error/ErrorHandler.php(161): ErrorHandler::handleFatalError(4, 'syntax error, u...', '/var/www/html/l...', 109)
#1 [internal function]: ErrorHandler::handleError(4, 'syntax error, u...', '/var/www/html/l...', 109, Array)
#2 /var/www/html/lib/lib/Cake/Core/App.php(926): call_user_func('ErrorHandler::h...', 4, 'syntax error, u...', '/var/www/html/l...', 109, Array)
#3 /var/www/html/lib/lib/Cake/Core/App.php(899): App::_checkFatalError()
#4 [internal function]: App::shutdown()
#5 {main}
2013-08-28 09:52:18 Error: Fatal Error (4): syntax error, unexpected 'if' (T_IF) in [/var/www/html/lib/app/Controller/ManagementController.php, line 103]
2013-08-28 09:52:18 Error: [InternalErrorException] Internal Server Error
#0 /var/www/html/lib/lib/Cake/Error/ErrorHandler.php(161): ErrorHandler::handleFatalError(4, 'syntax error, u...', '/var/www/html/l...', 103)
#1 [internal function]: ErrorHandler::handleError(4, 'syntax error, u...', '/var/www/html/l...', 103, Array)
#2 /var/www/html/lib/lib/Cake/Core/App.php(926): call_user_func('ErrorHandler::h...', 4, 'syntax error, u...', '/var/www/html/l...', 103, Array)
#3 /var/www/html/lib/lib/Cake/Core/App.php(899): App::_checkFatalError()
#4 [internal function]: App::shutdown()
#5 {main}
2013-08-28 09:52:21 Error: Fatal Error (4): syntax error, unexpected 'if' (T_IF) in [/var/www/html/lib/app/Controller/ManagementController.php, line 103]
2013-08-28 09:52:21 Error: [InternalErrorException] Internal Server Error
#0 /var/www/html/lib/lib/Cake/Error/ErrorHandler.php(161): ErrorHandler::handleFatalError(4, 'syntax error, u...', '/var/www/html/l...', 103)
#1 [internal function]: ErrorHandler::handleError(4, 'syntax error, u...', '/var/www/html/l...', 103, Array)
#2 /var/www/html/lib/lib/Cake/Core/App.php(926): call_user_func('ErrorHandler::h...', 4, 'syntax error, u...', '/var/www/html/l...', 103, Array)
#3 /var/www/html/lib/lib/Cake/Core/App.php(899): App::_checkFatalError()
#4 [internal function]: App::shutdown()
#5 {main}
